\BOOKMARK [0][-]{chapter.1}{\376\377\0001\000\040\000C\000l\000a\000s\000s\000\040\000I\000n\000d\000e\000x}{}% 1
\BOOKMARK [1][-]{section.1.1}{\376\377\0001\000.\0001\000\040\000C\000l\000a\000s\000s\000\040\000L\000i\000s\000t}{chapter.1}% 2
\BOOKMARK [0][-]{chapter.2}{\376\377\0002\000\040\000F\000i\000l\000e\000\040\000I\000n\000d\000e\000x}{}% 3
\BOOKMARK [1][-]{section.2.1}{\376\377\0002\000.\0001\000\040\000F\000i\000l\000e\000\040\000L\000i\000s\000t}{chapter.2}% 4
\BOOKMARK [0][-]{chapter.3}{\376\377\0003\000\040\000C\000l\000a\000s\000s\000\040\000D\000o\000c\000u\000m\000e\000n\000t\000a\000t\000i\000o\000n}{}% 5
\BOOKMARK [1][-]{section.3.1}{\376\377\0003\000.\0001\000\040\000C\000o\000m\000p\000o\000n\000e\000n\000t\000\040\000C\000l\000a\000s\000s\000\040\000R\000e\000f\000e\000r\000e\000n\000c\000e}{chapter.3}% 6
\BOOKMARK [2][-]{subsection.3.1.1}{\376\377\0003\000.\0001\000.\0001\000\040\000D\000e\000t\000a\000i\000l\000e\000d\000\040\000D\000e\000s\000c\000r\000i\000p\000t\000i\000o\000n}{section.3.1}% 7
\BOOKMARK [2][-]{subsection.3.1.2}{\376\377\0003\000.\0001\000.\0002\000\040\000C\000o\000n\000s\000t\000r\000u\000c\000t\000o\000r\000\040\000\046\000\040\000D\000e\000s\000t\000r\000u\000c\000t\000o\000r\000\040\000D\000o\000c\000u\000m\000e\000n\000t\000a\000t\000i\000o\000n}{section.3.1}% 8
\BOOKMARK [3][-]{subsubsection.3.1.2.1}{\376\377\0003\000.\0001\000.\0002\000.\0001\000\040\000C\000o\000m\000p\000o\000n\000e\000n\000t\000\050\000\051}{subsection.3.1.2}% 9
\BOOKMARK [3][-]{subsubsection.3.1.2.2}{\376\377\0003\000.\0001\000.\0002\000.\0002\000\040\000\040\000C\000o\000m\000p\000o\000n\000e\000n\000t\000\050\000\051}{subsection.3.1.2}% 10
\BOOKMARK [2][-]{subsection.3.1.3}{\376\377\0003\000.\0001\000.\0003\000\040\000M\000e\000m\000b\000e\000r\000\040\000F\000u\000n\000c\000t\000i\000o\000n\000\040\000D\000o\000c\000u\000m\000e\000n\000t\000a\000t\000i\000o\000n}{section.3.1}% 11
\BOOKMARK [3][-]{subsubsection.3.1.3.1}{\376\377\0003\000.\0001\000.\0003\000.\0001\000\040\000g\000e\000t\000D\000i\000a\000m\000e\000t\000e\000r\000\050\000\051}{subsection.3.1.3}% 12
\BOOKMARK [3][-]{subsubsection.3.1.3.2}{\376\377\0003\000.\0001\000.\0003\000.\0002\000\040\000g\000e\000t\000E\000x\000c\000e\000n\000t\000r\000i\000c\000i\000t\000i\000e\000s\000\050\000\051}{subsection.3.1.3}% 13
\BOOKMARK [3][-]{subsubsection.3.1.3.3}{\376\377\0003\000.\0001\000.\0003\000.\0003\000\040\000g\000e\000t\000R\000a\000d\000i\000u\000s\000\050\000\051}{subsection.3.1.3}% 14
\BOOKMARK [2][-]{subsection.3.1.4}{\376\377\0003\000.\0001\000.\0004\000\040\000M\000e\000m\000b\000e\000r\000\040\000D\000a\000t\000a\000\040\000D\000o\000c\000u\000m\000e\000n\000t\000a\000t\000i\000o\000n}{section.3.1}% 15
\BOOKMARK [3][-]{subsubsection.3.1.4.1}{\376\377\0003\000.\0001\000.\0004\000.\0001\000\040\000p\000o\000i\000n\000t\000s}{subsection.3.1.4}% 16
\BOOKMARK [1][-]{section.3.2}{\376\377\0003\000.\0002\000\040\000G\000r\000a\000p\000h\000\040\000C\000l\000a\000s\000s\000\040\000R\000e\000f\000e\000r\000e\000n\000c\000e}{chapter.3}% 17
\BOOKMARK [2][-]{subsection.3.2.1}{\376\377\0003\000.\0002\000.\0001\000\040\000D\000e\000t\000a\000i\000l\000e\000d\000\040\000D\000e\000s\000c\000r\000i\000p\000t\000i\000o\000n}{section.3.2}% 18
\BOOKMARK [2][-]{subsection.3.2.2}{\376\377\0003\000.\0002\000.\0002\000\040\000C\000o\000n\000s\000t\000r\000u\000c\000t\000o\000r\000\040\000\046\000\040\000D\000e\000s\000t\000r\000u\000c\000t\000o\000r\000\040\000D\000o\000c\000u\000m\000e\000n\000t\000a\000t\000i\000o\000n}{section.3.2}% 19
\BOOKMARK [3][-]{subsubsection.3.2.2.1}{\376\377\0003\000.\0002\000.\0002\000.\0001\000\040\000G\000r\000a\000p\000h\000\050\000\051}{subsection.3.2.2}% 20
\BOOKMARK [3][-]{subsubsection.3.2.2.2}{\376\377\0003\000.\0002\000.\0002\000.\0002\000\040\000\040\000G\000r\000a\000p\000h\000\050\000\051}{subsection.3.2.2}% 21
\BOOKMARK [2][-]{subsection.3.2.3}{\376\377\0003\000.\0002\000.\0003\000\040\000M\000e\000m\000b\000e\000r\000\040\000F\000u\000n\000c\000t\000i\000o\000n\000\040\000D\000o\000c\000u\000m\000e\000n\000t\000a\000t\000i\000o\000n}{section.3.2}% 22
\BOOKMARK [3][-]{subsubsection.3.2.3.1}{\376\377\0003\000.\0002\000.\0003\000.\0001\000\040\000b\000i\000g\000g\000e\000s\000t\000C\000o\000m\000p\000o\000n\000e\000n\000t\000\050\000\051}{subsection.3.2.3}% 23
\BOOKMARK [3][-]{subsubsection.3.2.3.2}{\376\377\0003\000.\0002\000.\0003\000.\0002\000\040\000f\000i\000n\000d\000C\000o\000m\000p\000o\000n\000e\000n\000t\000s\000\050\000\051}{subsection.3.2.3}% 24
\BOOKMARK [3][-]{subsubsection.3.2.3.3}{\376\377\0003\000.\0002\000.\0003\000.\0003\000\040\000w\000h\000e\000r\000e\000\050\000\051}{subsection.3.2.3}% 25
\BOOKMARK [2][-]{subsection.3.2.4}{\376\377\0003\000.\0002\000.\0004\000\040\000M\000e\000m\000b\000e\000r\000\040\000D\000a\000t\000a\000\040\000D\000o\000c\000u\000m\000e\000n\000t\000a\000t\000i\000o\000n}{section.3.2}% 26
\BOOKMARK [3][-]{subsubsection.3.2.4.1}{\376\377\0003\000.\0002\000.\0004\000.\0001\000\040\000c\000o\000m\000p\000o\000n\000e\000n\000t\000s}{subsection.3.2.4}% 27
\BOOKMARK [3][-]{subsubsection.3.2.4.2}{\376\377\0003\000.\0002\000.\0004\000.\0002\000\040\000p\000o\000i\000n\000t\000s}{subsection.3.2.4}% 28
\BOOKMARK [1][-]{section.3.3}{\376\377\0003\000.\0003\000\040\000P\000o\000i\000n\000t\000\040\000C\000l\000a\000s\000s\000\040\000R\000e\000f\000e\000r\000e\000n\000c\000e}{chapter.3}% 29
\BOOKMARK [2][-]{subsection.3.3.1}{\376\377\0003\000.\0003\000.\0001\000\040\000D\000e\000t\000a\000i\000l\000e\000d\000\040\000D\000e\000s\000c\000r\000i\000p\000t\000i\000o\000n}{section.3.3}% 30
\BOOKMARK [2][-]{subsection.3.3.2}{\376\377\0003\000.\0003\000.\0002\000\040\000C\000o\000n\000s\000t\000r\000u\000c\000t\000o\000r\000\040\000\046\000\040\000D\000e\000s\000t\000r\000u\000c\000t\000o\000r\000\040\000D\000o\000c\000u\000m\000e\000n\000t\000a\000t\000i\000o\000n}{section.3.3}% 31
\BOOKMARK [3][-]{subsubsection.3.3.2.1}{\376\377\0003\000.\0003\000.\0002\000.\0001\000\040\000P\000o\000i\000n\000t\000\050\000\051}{subsection.3.3.2}% 32
\BOOKMARK [3][-]{subsubsection.3.3.2.2}{\376\377\0003\000.\0003\000.\0002\000.\0002\000\040\000\040\000P\000o\000i\000n\000t\000\050\000\051}{subsection.3.3.2}% 33
\BOOKMARK [2][-]{subsection.3.3.3}{\376\377\0003\000.\0003\000.\0003\000\040\000M\000e\000m\000b\000e\000r\000\040\000D\000a\000t\000a\000\040\000D\000o\000c\000u\000m\000e\000n\000t\000a\000t\000i\000o\000n}{section.3.3}% 34
\BOOKMARK [3][-]{subsubsection.3.3.3.1}{\376\377\0003\000.\0003\000.\0003\000.\0001\000\040\000c\000h\000e\000c\000k\000e\000d}{subsection.3.3.3}% 35
\BOOKMARK [3][-]{subsubsection.3.3.3.2}{\376\377\0003\000.\0003\000.\0003\000.\0002\000\040\000d\000i\000s\000t\000a\000n\000c\000e}{subsection.3.3.3}% 36
\BOOKMARK [3][-]{subsubsection.3.3.3.3}{\376\377\0003\000.\0003\000.\0003\000.\0003\000\040\000e\000x\000c\000e\000n\000t\000r\000i\000c\000i\000t\000y}{subsection.3.3.3}% 37
\BOOKMARK [3][-]{subsubsection.3.3.3.4}{\376\377\0003\000.\0003\000.\0003\000.\0004\000\040\000n\000e\000i\000g\000h\000b\000o\000r\000s}{subsection.3.3.3}% 38
\BOOKMARK [3][-]{subsubsection.3.3.3.5}{\376\377\0003\000.\0003\000.\0003\000.\0005\000\040\000v\000a\000l\000u\000e}{subsection.3.3.3}% 39
\BOOKMARK [0][-]{chapter.4}{\376\377\0004\000\040\000F\000i\000l\000e\000\040\000D\000o\000c\000u\000m\000e\000n\000t\000a\000t\000i\000o\000n}{}% 40
\BOOKMARK [1][-]{section.4.1}{\376\377\0004\000.\0001\000\040\000b\000u\000i\000l\000d\000/\000C\000M\000a\000k\000e\000F\000i\000l\000e\000s\000/\0003\000.\0002\0006\000.\0003\000/\000C\000o\000m\000p\000i\000l\000e\000r\000I\000d\000C\000/\000C\000M\000a\000k\000e\000C\000C\000o\000m\000p\000i\000l\000e\000r\000I\000d\000.\000c\000\040\000F\000i\000l\000e\000\040\000R\000e\000f\000e\000r\000e\000n\000c\000e}{chapter.4}% 41
\BOOKMARK [2][-]{subsection.4.1.1}{\376\377\0004\000.\0001\000.\0001\000\040\000M\000a\000c\000r\000o\000\040\000D\000e\000f\000i\000n\000i\000t\000i\000o\000n\000\040\000D\000o\000c\000u\000m\000e\000n\000t\000a\000t\000i\000o\000n}{section.4.1}% 42
\BOOKMARK [3][-]{subsubsection.4.1.1.1}{\376\377\0004\000.\0001\000.\0001\000.\0001\000\040\000\137\000\137\000h\000a\000s\000\137\000i\000n\000c\000l\000u\000d\000e}{subsection.4.1.1}% 43
\BOOKMARK [3][-]{subsubsection.4.1.1.2}{\376\377\0004\000.\0001\000.\0001\000.\0002\000\040\000A\000R\000C\000H\000I\000T\000E\000C\000T\000U\000R\000E\000\137\000I\000D}{subsection.4.1.1}% 44
\BOOKMARK [3][-]{subsubsection.4.1.1.3}{\376\377\0004\000.\0001\000.\0001\000.\0003\000\040\000C\000\137\000V\000E\000R\000S\000I\000O\000N}{subsection.4.1.1}% 45
\BOOKMARK [3][-]{subsubsection.4.1.1.4}{\376\377\0004\000.\0001\000.\0001\000.\0004\000\040\000C\000O\000M\000P\000I\000L\000E\000R\000\137\000I\000D}{subsection.4.1.1}% 46
\BOOKMARK [3][-]{subsubsection.4.1.1.5}{\376\377\0004\000.\0001\000.\0001\000.\0005\000\040\000D\000E\000C}{subsection.4.1.1}% 47
\BOOKMARK [3][-]{subsubsection.4.1.1.6}{\376\377\0004\000.\0001\000.\0001\000.\0006\000\040\000H\000E\000X}{subsection.4.1.1}% 48
\BOOKMARK [3][-]{subsubsection.4.1.1.7}{\376\377\0004\000.\0001\000.\0001\000.\0007\000\040\000P\000L\000A\000T\000F\000O\000R\000M\000\137\000I\000D}{subsection.4.1.1}% 49
\BOOKMARK [3][-]{subsubsection.4.1.1.8}{\376\377\0004\000.\0001\000.\0001\000.\0008\000\040\000S\000T\000R\000I\000N\000G\000I\000F\000Y}{subsection.4.1.1}% 50
\BOOKMARK [3][-]{subsubsection.4.1.1.9}{\376\377\0004\000.\0001\000.\0001\000.\0009\000\040\000S\000T\000R\000I\000N\000G\000I\000F\000Y\000\137\000H\000E\000L\000P\000E\000R}{subsection.4.1.1}% 51
\BOOKMARK [2][-]{subsection.4.1.2}{\376\377\0004\000.\0001\000.\0002\000\040\000F\000u\000n\000c\000t\000i\000o\000n\000\040\000D\000o\000c\000u\000m\000e\000n\000t\000a\000t\000i\000o\000n}{section.4.1}% 52
\BOOKMARK [3][-]{subsubsection.4.1.2.1}{\376\377\0004\000.\0001\000.\0002\000.\0001\000\040\000m\000a\000i\000n\000\050\000\051}{subsection.4.1.2}% 53
\BOOKMARK [2][-]{subsection.4.1.3}{\376\377\0004\000.\0001\000.\0003\000\040\000V\000a\000r\000i\000a\000b\000l\000e\000\040\000D\000o\000c\000u\000m\000e\000n\000t\000a\000t\000i\000o\000n}{section.4.1}% 54
\BOOKMARK [3][-]{subsubsection.4.1.3.1}{\376\377\0004\000.\0001\000.\0003\000.\0001\000\040\000i\000n\000f\000o\000\137\000a\000r\000c\000h}{subsection.4.1.3}% 55
\BOOKMARK [3][-]{subsubsection.4.1.3.2}{\376\377\0004\000.\0001\000.\0003\000.\0002\000\040\000i\000n\000f\000o\000\137\000c\000o\000m\000p\000i\000l\000e\000r}{subsection.4.1.3}% 56
\BOOKMARK [3][-]{subsubsection.4.1.3.3}{\376\377\0004\000.\0001\000.\0003\000.\0003\000\040\000i\000n\000f\000o\000\137\000l\000a\000n\000g\000u\000a\000g\000e\000\137\000e\000x\000t\000e\000n\000s\000i\000o\000n\000s\000\137\000d\000e\000f\000a\000u\000l\000t}{subsection.4.1.3}% 57
\BOOKMARK [3][-]{subsubsection.4.1.3.4}{\376\377\0004\000.\0001\000.\0003\000.\0004\000\040\000i\000n\000f\000o\000\137\000l\000a\000n\000g\000u\000a\000g\000e\000\137\000s\000t\000a\000n\000d\000a\000r\000d\000\137\000d\000e\000f\000a\000u\000l\000t}{subsection.4.1.3}% 58
\BOOKMARK [3][-]{subsubsection.4.1.3.5}{\376\377\0004\000.\0001\000.\0003\000.\0005\000\040\000i\000n\000f\000o\000\137\000p\000l\000a\000t\000f\000o\000r\000m}{subsection.4.1.3}% 59
\BOOKMARK [1][-]{section.4.2}{\376\377\0004\000.\0002\000\040\000C\000M\000a\000k\000e\000F\000i\000l\000e\000s\000/\0003\000.\0002\0006\000.\0003\000/\000C\000o\000m\000p\000i\000l\000e\000r\000I\000d\000C\000/\000C\000M\000a\000k\000e\000C\000C\000o\000m\000p\000i\000l\000e\000r\000I\000d\000.\000c\000\040\000F\000i\000l\000e\000\040\000R\000e\000f\000e\000r\000e\000n\000c\000e}{chapter.4}% 60
\BOOKMARK [2][-]{subsection.4.2.1}{\376\377\0004\000.\0002\000.\0001\000\040\000M\000a\000c\000r\000o\000\040\000D\000e\000f\000i\000n\000i\000t\000i\000o\000n\000\040\000D\000o\000c\000u\000m\000e\000n\000t\000a\000t\000i\000o\000n}{section.4.2}% 61
\BOOKMARK [3][-]{subsubsection.4.2.1.1}{\376\377\0004\000.\0002\000.\0001\000.\0001\000\040\000\137\000\137\000h\000a\000s\000\137\000i\000n\000c\000l\000u\000d\000e}{subsection.4.2.1}% 62
\BOOKMARK [3][-]{subsubsection.4.2.1.2}{\376\377\0004\000.\0002\000.\0001\000.\0002\000\040\000A\000R\000C\000H\000I\000T\000E\000C\000T\000U\000R\000E\000\137\000I\000D}{subsection.4.2.1}% 63
\BOOKMARK [3][-]{subsubsection.4.2.1.3}{\376\377\0004\000.\0002\000.\0001\000.\0003\000\040\000C\000\137\000V\000E\000R\000S\000I\000O\000N}{subsection.4.2.1}% 64
\BOOKMARK [3][-]{subsubsection.4.2.1.4}{\376\377\0004\000.\0002\000.\0001\000.\0004\000\040\000C\000O\000M\000P\000I\000L\000E\000R\000\137\000I\000D}{subsection.4.2.1}% 65
\BOOKMARK [3][-]{subsubsection.4.2.1.5}{\376\377\0004\000.\0002\000.\0001\000.\0005\000\040\000D\000E\000C}{subsection.4.2.1}% 66
\BOOKMARK [3][-]{subsubsection.4.2.1.6}{\376\377\0004\000.\0002\000.\0001\000.\0006\000\040\000H\000E\000X}{subsection.4.2.1}% 67
\BOOKMARK [3][-]{subsubsection.4.2.1.7}{\376\377\0004\000.\0002\000.\0001\000.\0007\000\040\000P\000L\000A\000T\000F\000O\000R\000M\000\137\000I\000D}{subsection.4.2.1}% 68
\BOOKMARK [3][-]{subsubsection.4.2.1.8}{\376\377\0004\000.\0002\000.\0001\000.\0008\000\040\000S\000T\000R\000I\000N\000G\000I\000F\000Y}{subsection.4.2.1}% 69
\BOOKMARK [3][-]{subsubsection.4.2.1.9}{\376\377\0004\000.\0002\000.\0001\000.\0009\000\040\000S\000T\000R\000I\000N\000G\000I\000F\000Y\000\137\000H\000E\000L\000P\000E\000R}{subsection.4.2.1}% 70
\BOOKMARK [2][-]{subsection.4.2.2}{\376\377\0004\000.\0002\000.\0002\000\040\000F\000u\000n\000c\000t\000i\000o\000n\000\040\000D\000o\000c\000u\000m\000e\000n\000t\000a\000t\000i\000o\000n}{section.4.2}% 71
\BOOKMARK [3][-]{subsubsection.4.2.2.1}{\376\377\0004\000.\0002\000.\0002\000.\0001\000\040\000m\000a\000i\000n\000\050\000\051}{subsection.4.2.2}% 72
\BOOKMARK [2][-]{subsection.4.2.3}{\376\377\0004\000.\0002\000.\0003\000\040\000V\000a\000r\000i\000a\000b\000l\000e\000\040\000D\000o\000c\000u\000m\000e\000n\000t\000a\000t\000i\000o\000n}{section.4.2}% 73
\BOOKMARK [3][-]{subsubsection.4.2.3.1}{\376\377\0004\000.\0002\000.\0003\000.\0001\000\040\000i\000n\000f\000o\000\137\000a\000r\000c\000h}{subsection.4.2.3}% 74
\BOOKMARK [3][-]{subsubsection.4.2.3.2}{\376\377\0004\000.\0002\000.\0003\000.\0002\000\040\000i\000n\000f\000o\000\137\000c\000o\000m\000p\000i\000l\000e\000r}{subsection.4.2.3}% 75
\BOOKMARK [3][-]{subsubsection.4.2.3.3}{\376\377\0004\000.\0002\000.\0003\000.\0003\000\040\000i\000n\000f\000o\000\137\000l\000a\000n\000g\000u\000a\000g\000e\000\137\000e\000x\000t\000e\000n\000s\000i\000o\000n\000s\000\137\000d\000e\000f\000a\000u\000l\000t}{subsection.4.2.3}% 76
\BOOKMARK [3][-]{subsubsection.4.2.3.4}{\376\377\0004\000.\0002\000.\0003\000.\0004\000\040\000i\000n\000f\000o\000\137\000l\000a\000n\000g\000u\000a\000g\000e\000\137\000s\000t\000a\000n\000d\000a\000r\000d\000\137\000d\000e\000f\000a\000u\000l\000t}{subsection.4.2.3}% 77
\BOOKMARK [3][-]{subsubsection.4.2.3.5}{\376\377\0004\000.\0002\000.\0003\000.\0005\000\040\000i\000n\000f\000o\000\137\000p\000l\000a\000t\000f\000o\000r\000m}{subsection.4.2.3}% 78
\BOOKMARK [1][-]{section.4.3}{\376\377\0004\000.\0003\000\040\000b\000u\000i\000l\000d\000/\000C\000M\000a\000k\000e\000F\000i\000l\000e\000s\000/\0003\000.\0002\0006\000.\0003\000/\000C\000o\000m\000p\000i\000l\000e\000r\000I\000d\000C\000X\000X\000/\000C\000M\000a\000k\000e\000C\000X\000X\000C\000o\000m\000p\000i\000l\000e\000r\000I\000d\000.\000c\000p\000p\000\040\000F\000i\000l\000e\000\040\000R\000e\000f\000e\000r\000e\000n\000c\000e}{chapter.4}% 79
\BOOKMARK [2][-]{subsection.4.3.1}{\376\377\0004\000.\0003\000.\0001\000\040\000M\000a\000c\000r\000o\000\040\000D\000e\000f\000i\000n\000i\000t\000i\000o\000n\000\040\000D\000o\000c\000u\000m\000e\000n\000t\000a\000t\000i\000o\000n}{section.4.3}% 80
\BOOKMARK [3][-]{subsubsection.4.3.1.1}{\376\377\0004\000.\0003\000.\0001\000.\0001\000\040\000\137\000\137\000h\000a\000s\000\137\000i\000n\000c\000l\000u\000d\000e}{subsection.4.3.1}% 81
\BOOKMARK [3][-]{subsubsection.4.3.1.2}{\376\377\0004\000.\0003\000.\0001\000.\0002\000\040\000A\000R\000C\000H\000I\000T\000E\000C\000T\000U\000R\000E\000\137\000I\000D}{subsection.4.3.1}% 82
\BOOKMARK [3][-]{subsubsection.4.3.1.3}{\376\377\0004\000.\0003\000.\0001\000.\0003\000\040\000C\000O\000M\000P\000I\000L\000E\000R\000\137\000I\000D}{subsection.4.3.1}% 83
\BOOKMARK [3][-]{subsubsection.4.3.1.4}{\376\377\0004\000.\0003\000.\0001\000.\0004\000\040\000C\000X\000X\000\137\000S\000T\000D}{subsection.4.3.1}% 84
\BOOKMARK [3][-]{subsubsection.4.3.1.5}{\376\377\0004\000.\0003\000.\0001\000.\0005\000\040\000D\000E\000C}{subsection.4.3.1}% 85
\BOOKMARK [3][-]{subsubsection.4.3.1.6}{\376\377\0004\000.\0003\000.\0001\000.\0006\000\040\000H\000E\000X}{subsection.4.3.1}% 86
\BOOKMARK [3][-]{subsubsection.4.3.1.7}{\376\377\0004\000.\0003\000.\0001\000.\0007\000\040\000P\000L\000A\000T\000F\000O\000R\000M\000\137\000I\000D}{subsection.4.3.1}% 87
\BOOKMARK [3][-]{subsubsection.4.3.1.8}{\376\377\0004\000.\0003\000.\0001\000.\0008\000\040\000S\000T\000R\000I\000N\000G\000I\000F\000Y}{subsection.4.3.1}% 88
\BOOKMARK [3][-]{subsubsection.4.3.1.9}{\376\377\0004\000.\0003\000.\0001\000.\0009\000\040\000S\000T\000R\000I\000N\000G\000I\000F\000Y\000\137\000H\000E\000L\000P\000E\000R}{subsection.4.3.1}% 89
\BOOKMARK [2][-]{subsection.4.3.2}{\376\377\0004\000.\0003\000.\0002\000\040\000F\000u\000n\000c\000t\000i\000o\000n\000\040\000D\000o\000c\000u\000m\000e\000n\000t\000a\000t\000i\000o\000n}{section.4.3}% 90
\BOOKMARK [3][-]{subsubsection.4.3.2.1}{\376\377\0004\000.\0003\000.\0002\000.\0001\000\040\000m\000a\000i\000n\000\050\000\051}{subsection.4.3.2}% 91
\BOOKMARK [2][-]{subsection.4.3.3}{\376\377\0004\000.\0003\000.\0003\000\040\000V\000a\000r\000i\000a\000b\000l\000e\000\040\000D\000o\000c\000u\000m\000e\000n\000t\000a\000t\000i\000o\000n}{section.4.3}% 92
\BOOKMARK [3][-]{subsubsection.4.3.3.1}{\376\377\0004\000.\0003\000.\0003\000.\0001\000\040\000i\000n\000f\000o\000\137\000a\000r\000c\000h}{subsection.4.3.3}% 93
\BOOKMARK [3][-]{subsubsection.4.3.3.2}{\376\377\0004\000.\0003\000.\0003\000.\0002\000\040\000i\000n\000f\000o\000\137\000c\000o\000m\000p\000i\000l\000e\000r}{subsection.4.3.3}% 94
\BOOKMARK [3][-]{subsubsection.4.3.3.3}{\376\377\0004\000.\0003\000.\0003\000.\0003\000\040\000i\000n\000f\000o\000\137\000l\000a\000n\000g\000u\000a\000g\000e\000\137\000e\000x\000t\000e\000n\000s\000i\000o\000n\000s\000\137\000d\000e\000f\000a\000u\000l\000t}{subsection.4.3.3}% 95
\BOOKMARK [3][-]{subsubsection.4.3.3.4}{\376\377\0004\000.\0003\000.\0003\000.\0004\000\040\000i\000n\000f\000o\000\137\000l\000a\000n\000g\000u\000a\000g\000e\000\137\000s\000t\000a\000n\000d\000a\000r\000d\000\137\000d\000e\000f\000a\000u\000l\000t}{subsection.4.3.3}% 96
\BOOKMARK [3][-]{subsubsection.4.3.3.5}{\376\377\0004\000.\0003\000.\0003\000.\0005\000\040\000i\000n\000f\000o\000\137\000p\000l\000a\000t\000f\000o\000r\000m}{subsection.4.3.3}% 97
\BOOKMARK [1][-]{section.4.4}{\376\377\0004\000.\0004\000\040\000C\000M\000a\000k\000e\000F\000i\000l\000e\000s\000/\0003\000.\0002\0006\000.\0003\000/\000C\000o\000m\000p\000i\000l\000e\000r\000I\000d\000C\000X\000X\000/\000C\000M\000a\000k\000e\000C\000X\000X\000C\000o\000m\000p\000i\000l\000e\000r\000I\000d\000.\000c\000p\000p\000\040\000F\000i\000l\000e\000\040\000R\000e\000f\000e\000r\000e\000n\000c\000e}{chapter.4}% 98
\BOOKMARK [2][-]{subsection.4.4.1}{\376\377\0004\000.\0004\000.\0001\000\040\000M\000a\000c\000r\000o\000\040\000D\000e\000f\000i\000n\000i\000t\000i\000o\000n\000\040\000D\000o\000c\000u\000m\000e\000n\000t\000a\000t\000i\000o\000n}{section.4.4}% 99
\BOOKMARK [3][-]{subsubsection.4.4.1.1}{\376\377\0004\000.\0004\000.\0001\000.\0001\000\040\000\137\000\137\000h\000a\000s\000\137\000i\000n\000c\000l\000u\000d\000e}{subsection.4.4.1}% 100
\BOOKMARK [3][-]{subsubsection.4.4.1.2}{\376\377\0004\000.\0004\000.\0001\000.\0002\000\040\000A\000R\000C\000H\000I\000T\000E\000C\000T\000U\000R\000E\000\137\000I\000D}{subsection.4.4.1}% 101
\BOOKMARK [3][-]{subsubsection.4.4.1.3}{\376\377\0004\000.\0004\000.\0001\000.\0003\000\040\000C\000O\000M\000P\000I\000L\000E\000R\000\137\000I\000D}{subsection.4.4.1}% 102
\BOOKMARK [3][-]{subsubsection.4.4.1.4}{\376\377\0004\000.\0004\000.\0001\000.\0004\000\040\000C\000X\000X\000\137\000S\000T\000D}{subsection.4.4.1}% 103
\BOOKMARK [3][-]{subsubsection.4.4.1.5}{\376\377\0004\000.\0004\000.\0001\000.\0005\000\040\000D\000E\000C}{subsection.4.4.1}% 104
\BOOKMARK [3][-]{subsubsection.4.4.1.6}{\376\377\0004\000.\0004\000.\0001\000.\0006\000\040\000H\000E\000X}{subsection.4.4.1}% 105
\BOOKMARK [3][-]{subsubsection.4.4.1.7}{\376\377\0004\000.\0004\000.\0001\000.\0007\000\040\000P\000L\000A\000T\000F\000O\000R\000M\000\137\000I\000D}{subsection.4.4.1}% 106
\BOOKMARK [3][-]{subsubsection.4.4.1.8}{\376\377\0004\000.\0004\000.\0001\000.\0008\000\040\000S\000T\000R\000I\000N\000G\000I\000F\000Y}{subsection.4.4.1}% 107
\BOOKMARK [3][-]{subsubsection.4.4.1.9}{\376\377\0004\000.\0004\000.\0001\000.\0009\000\040\000S\000T\000R\000I\000N\000G\000I\000F\000Y\000\137\000H\000E\000L\000P\000E\000R}{subsection.4.4.1}% 108
\BOOKMARK [2][-]{subsection.4.4.2}{\376\377\0004\000.\0004\000.\0002\000\040\000F\000u\000n\000c\000t\000i\000o\000n\000\040\000D\000o\000c\000u\000m\000e\000n\000t\000a\000t\000i\000o\000n}{section.4.4}% 109
\BOOKMARK [3][-]{subsubsection.4.4.2.1}{\376\377\0004\000.\0004\000.\0002\000.\0001\000\040\000m\000a\000i\000n\000\050\000\051}{subsection.4.4.2}% 110
\BOOKMARK [2][-]{subsection.4.4.3}{\376\377\0004\000.\0004\000.\0003\000\040\000V\000a\000r\000i\000a\000b\000l\000e\000\040\000D\000o\000c\000u\000m\000e\000n\000t\000a\000t\000i\000o\000n}{section.4.4}% 111
\BOOKMARK [3][-]{subsubsection.4.4.3.1}{\376\377\0004\000.\0004\000.\0003\000.\0001\000\040\000i\000n\000f\000o\000\137\000a\000r\000c\000h}{subsection.4.4.3}% 112
\BOOKMARK [3][-]{subsubsection.4.4.3.2}{\376\377\0004\000.\0004\000.\0003\000.\0002\000\040\000i\000n\000f\000o\000\137\000c\000o\000m\000p\000i\000l\000e\000r}{subsection.4.4.3}% 113
\BOOKMARK [3][-]{subsubsection.4.4.3.3}{\376\377\0004\000.\0004\000.\0003\000.\0003\000\040\000i\000n\000f\000o\000\137\000l\000a\000n\000g\000u\000a\000g\000e\000\137\000e\000x\000t\000e\000n\000s\000i\000o\000n\000s\000\137\000d\000e\000f\000a\000u\000l\000t}{subsection.4.4.3}% 114
\BOOKMARK [3][-]{subsubsection.4.4.3.4}{\376\377\0004\000.\0004\000.\0003\000.\0004\000\040\000i\000n\000f\000o\000\137\000l\000a\000n\000g\000u\000a\000g\000e\000\137\000s\000t\000a\000n\000d\000a\000r\000d\000\137\000d\000e\000f\000a\000u\000l\000t}{subsection.4.4.3}% 115
\BOOKMARK [3][-]{subsubsection.4.4.3.5}{\376\377\0004\000.\0004\000.\0003\000.\0005\000\040\000i\000n\000f\000o\000\137\000p\000l\000a\000t\000f\000o\000r\000m}{subsection.4.4.3}% 116
\BOOKMARK [1][-]{section.4.5}{\376\377\0004\000.\0005\000\040\000b\000u\000i\000l\000d\000/\000C\000M\000a\000k\000e\000F\000i\000l\000e\000s\000/\000p\000r\000o\000j\000e\000c\000t\000.\000d\000i\000r\000/\000m\000a\000i\000n\000.\000c\000p\000p\000.\000o\000.\000d\000\040\000F\000i\000l\000e\000\040\000R\000e\000f\000e\000r\000e\000n\000c\000e}{chapter.4}% 117
\BOOKMARK [1][-]{section.4.6}{\376\377\0004\000.\0006\000\040\000C\000M\000a\000k\000e\000F\000i\000l\000e\000s\000/\000p\000r\000o\000j\000e\000c\000t\000.\000d\000i\000r\000/\000m\000a\000i\000n\000.\000c\000p\000p\000.\000o\000.\000d\000\040\000F\000i\000l\000e\000\040\000R\000e\000f\000e\000r\000e\000n\000c\000e}{chapter.4}% 118
\BOOKMARK [1][-]{section.4.7}{\376\377\0004\000.\0007\000\040\000m\000a\000i\000n\000.\000c\000p\000p\000\040\000F\000i\000l\000e\000\040\000R\000e\000f\000e\000r\000e\000n\000c\000e}{chapter.4}% 119
\BOOKMARK [2][-]{subsection.4.7.1}{\376\377\0004\000.\0007\000.\0001\000\040\000F\000u\000n\000c\000t\000i\000o\000n\000\040\000D\000o\000c\000u\000m\000e\000n\000t\000a\000t\000i\000o\000n}{section.4.7}% 120
\BOOKMARK [3][-]{subsubsection.4.7.1.1}{\376\377\0004\000.\0007\000.\0001\000.\0001\000\040\000m\000a\000i\000n\000\050\000\051}{subsection.4.7.1}% 121
\BOOKMARK [1][-]{section.4.8}{\376\377\0004\000.\0008\000\040\000s\000r\000c\000/\000C\000o\000m\000p\000o\000n\000e\000n\000t\000.\000c\000p\000p\000\040\000F\000i\000l\000e\000\040\000R\000e\000f\000e\000r\000e\000n\000c\000e}{chapter.4}% 122
\BOOKMARK [1][-]{section.4.9}{\376\377\0004\000.\0009\000\040\000s\000r\000c\000/\000G\000r\000a\000p\000h\000.\000c\000p\000p\000\040\000F\000i\000l\000e\000\040\000R\000e\000f\000e\000r\000e\000n\000c\000e}{chapter.4}% 123
\BOOKMARK [1][-]{section.4.10}{\376\377\0004\000.\0001\0000\000\040\000s\000r\000c\000/\000h\000e\000a\000d\000e\000r\000s\000/\000C\000o\000m\000p\000o\000n\000e\000n\000t\000.\000h\000\040\000F\000i\000l\000e\000\040\000R\000e\000f\000e\000r\000e\000n\000c\000e}{chapter.4}% 124
\BOOKMARK [1][-]{section.4.11}{\376\377\0004\000.\0001\0001\000\040\000C\000o\000m\000p\000o\000n\000e\000n\000t\000.\000h}{chapter.4}% 125
\BOOKMARK [1][-]{section.4.12}{\376\377\0004\000.\0001\0002\000\040\000s\000r\000c\000/\000h\000e\000a\000d\000e\000r\000s\000/\000G\000r\000a\000p\000h\000.\000h\000\040\000F\000i\000l\000e\000\040\000R\000e\000f\000e\000r\000e\000n\000c\000e}{chapter.4}% 126
\BOOKMARK [1][-]{section.4.13}{\376\377\0004\000.\0001\0003\000\040\000G\000r\000a\000p\000h\000.\000h}{chapter.4}% 127
\BOOKMARK [1][-]{section.4.14}{\376\377\0004\000.\0001\0004\000\040\000s\000r\000c\000/\000h\000e\000a\000d\000e\000r\000s\000/\000P\000o\000i\000n\000t\000.\000h\000\040\000F\000i\000l\000e\000\040\000R\000e\000f\000e\000r\000e\000n\000c\000e}{chapter.4}% 128
\BOOKMARK [1][-]{section.4.15}{\376\377\0004\000.\0001\0005\000\040\000P\000o\000i\000n\000t\000.\000h}{chapter.4}% 129
\BOOKMARK [1][-]{section.4.16}{\376\377\0004\000.\0001\0006\000\040\000s\000r\000c\000/\000P\000o\000i\000n\000t\000.\000c\000p\000p\000\040\000F\000i\000l\000e\000\040\000R\000e\000f\000e\000r\000e\000n\000c\000e}{chapter.4}% 130
\BOOKMARK [0][-]{section*.23}{\376\377\000I\000n\000d\000e\000x}{}% 131
