\BOOKMARK [1][-]{section.1}{\376\377\000V\000\341\000c\000l\000a\000v\000\040\000n\000\341\000k\000l\000a\000d\000n\000\355\000c\000h\000\040\000l\000y\001\176\000a\001\131\000e\000m}{}% 1
\BOOKMARK [2][-]{subsection.1.1}{\376\377\000M\000a\000r\000n\000\341\000\040\000b\000y\000s\000t\000e\000\040\000d\000o\000s\000t\000a\000l\000i\000\040\000p\001\157\000d\000y\000\040\000h\000n\000u\000t\000\355\000\040\000p\000o\000d\000o\000b\000n\000\341}{section.1}% 2
\BOOKMARK [3][-]{subsubsection.1.1.1}{\376\377\000M\000o\000c\000n\000\341\000\040\000k\000a\000m\000k\000o\000l\000i\000v\000\040\000\372\000s\000p\001\033\001\141\000n\000o\000s\000t}{subsection.1.1}% 3
\BOOKMARK [2][-]{subsection.1.2}{\376\377\000R\000o\000z\000e\000v\001\131\000e\000\040\000h\000o\000l\000i\000n\000k\000\341\000c\000h\000\040\000z\000l\000a\000t\000a}{section.1}% 4
\BOOKMARK [3][-]{subsubsection.1.2.1}{\376\377\000V\000z\000a\000l\000\040\000p\000r\000o\000f\000e\000s\000e\000\040\000j\000i\000\040\000s\000a\000v\000c\001\157\000\040\000b\000o\000j\000u\000j\000\355\000\040\000v\000y\000v\000o\000z\000u\000j\000\355}{subsection.1.2}% 5
\BOOKMARK [3][-]{subsubsection.1.2.2}{\376\377\000D\000\341\000v\000e\000j\000\040\000a\000k\000c\000\355\000\040\000z\000p\000r\000a\000v\000i\000d\000l\000a\000\040\000t\000a\000k\000t\000o}{subsection.1.2}% 6
\BOOKMARK [1][-]{section.2}{\376\377\000L\000e\000t\000y\000\040\000z\000a\000c\000h\000o\000v\000a\000t\000\040\000e\000x\000p\000l\000o\000z\000i\000\040\000t\000u\000n\000e\000l}{}% 7
\BOOKMARK [2][-]{subsection.2.1}{\376\377\000U\000v\000o\000l\001\110\000o\000v\000a\000l\000\040\001\015\000\341\000s\000t\000i\000c\000i\000\040\000v\000l\000i\000v\001\157}{section.2}% 8
\BOOKMARK [2][-]{subsection.2.2}{\376\377\000O\000b\000c\000\355\000\040\000d\001\131\000\355\000v\000e\000\040\000p\000o\000h\000l\000c\000u\000j\000e}{section.2}% 9
\BOOKMARK [3][-]{subsubsection.2.2.1}{\376\377\000V\000\355\000k\000e\000n\000d\000u\000\040\000j\000i\001\176\000n\000\355\000\040\000b\000u\000f\000e\000t\001\157\000\040\000p\000l\000u\000l\000i\000\040\000z\000i\000m\000a\000m\000i\000\040\000s\000v\001\033\000t}{subsection.2.2}% 10
\BOOKMARK [2][-]{subsection.2.3}{\376\377\000T\001\033\000c\000h\000\040\001\131\000\355\000k\000\341\000\040\000v\000l\000n\000y}{section.2}% 11
\BOOKMARK [2][-]{subsection.2.4}{\376\377\000T\001\131\000i\000\040\000o\000d\000\040\000v\000l\000n\000a\000\040\000s\000t\000r\000a\000n\000y}{section.2}% 12
\BOOKMARK [3][-]{subsubsection.2.4.1}{\376\377\000H\000r\000a\000j\000\355\000\040\000s\000p\000o\000j\000e\000n\000\375\000c\000h\000\040\000k\000u\000l\000t\000u\000r\000u\000\040\000r\000o\000z\000u\000m\000n\000o\000u}{subsection.2.4}% 13
\BOOKMARK [3][-]{subsubsection.2.4.2}{\376\377\000S\000p\000o\000k\000o\000j\000e\000n\000\341\000\040\000l\000a\000b\000o\000r\000a\000t\000o\000r\000n\000\355\000\040\000d\000r\000u\000h\000\341}{subsection.2.4}% 14
\BOOKMARK [1][-]{section.3}{\376\377\000V\000y\000s\000v\001\033\000t\000l\000i\000l\000\040\000v\000l\000o\001\176\000i\000t\000\040\000o\000b\000d\000o\000b\000o\000u}{}% 15
\BOOKMARK [2][-]{subsection.3.1}{\376\377\000P\000r\000o\000h\000l\000u\000b\000o\000v\000\341\000n\000\355\000\040\000v\000r\000\341\000t\000\355\000m\000\040\000n\000\341\000d\000o\000b\000y\000\040\000d\000\341\000v\000n\000\375\000\040\000l\000i\000s\000t\001\157}{section.3}% 16
\BOOKMARK [3][-]{subsubsection.3.1.1}{\376\377\000D\000a\000n\000\351\000h\000o\000\040\000s\000o\000r\000t\000a\000\040\000h\000e\000a\000l\000t\000h\000,\000\040\000z\000e\000b\001\131\000i\001\015\000k\000y}{subsection.3.1}% 17
\BOOKMARK [3][-]{subsubsection.3.1.2}{\376\377\000D\000r\000a\000v\000o\000s\000t\000\040\000z\000d\000r\000o\000j\000o\000v\000\351\000h\000o\000\040\000k\000\363\000d\000u}{subsection.3.1}% 18
\BOOKMARK [2][-]{subsection.3.2}{\376\377\000L\000\351\000t\000\341\000\040\000s\000\341\000g\000a\000\040\000v\000o\000u\000s\000y\000\040\000s\000l\000o\000n\000\355\000\040\000o\000s\000\355\000d\000l\000e\000n\000\355}{section.3}% 19
\BOOKMARK [1][-]{section.4}{\376\377\000N\000a\000t\001\033\000h\000o\000v\000a\000l\000i\000\040\000p\000l\000\355\000s\000e\001\110\000\040\000k\000o\000l\000o\000n\000i\000\341\000l\000n\000\355\000c\000h\000\040\000n\000\341\000r\000o\000d}{}% 20
\BOOKMARK [2][-]{subsection.4.1}{\376\377\000V\000z\000r\001\157\000s\000t\000\341\000\040\000v\001\033\000d\000e\000r\000\040\000d\000\341\000v\000n\000o\000u\000\040\000p\001\131\000i\000p\000o\000m\000\355\000n\000a\000j\000\355}{section.4}% 21
\BOOKMARK [2][-]{subsection.4.2}{\376\377\000P\000\341\000n\000v\000e\000\040\000n\000a\000v\000\375\001\141\000e\000n\000\355\000\040\000o\000b\000o\000r\000y}{section.4}% 22
\BOOKMARK [2][-]{subsection.4.3}{\376\377\000Z\000p\001\157\000s\000o\000b\000u\000j\000e\000\040\000z\000a\000t\000a\001\176\000e\000n\000\351\000h\000o\000\040\000h\000o\000d\000\355\000\040\000j\000a\000k\000\375\000k\000o\000l\000i}{section.4}% 23
\BOOKMARK [3][-]{subsubsection.4.3.1}{\376\377\000T\000k\000\341\001\110\000\040\000m\000o\000r\000a\000v\000y\000\040\000j\000i\000n\000a\000k\000\040\000s\000a\000m\000\351\000\040\000u\000m\001\033\000l\000\351}{subsection.4.3}% 24
\BOOKMARK [1][-]{section.5}{\376\377\000C\000i\000t\000a\000c\000e\000\040\000a\000\040\000k\001\131\000\355\001\176\000o\000v\000\351\000\040\000r\000e\000f\000e\000r\000e\000n\000c\000e}{}% 25
\BOOKMARK [1][-]{appendix.A}{\376\377\000M\000l\000a\000d\000\341\000\040\000v\000l\000\341\000d\000n\000e\000\040\000v\000y\000z\000n\000a\001\015\000o\000v\000a\000l}{}% 26
\BOOKMARK [2][-]{subsection.A.1}{\376\377\000N\000a\001\141\000e\000\040\000z\000j\000i\000s\000t\000\355\000t\000e\000\040\000m\000i\000z\000\355\000c\000\355}{appendix.A}% 27
\BOOKMARK [3][-]{subsubsection.A.1.1}{\376\377\000V\000y\001\141\001\141\000\355\000c\000h\000\040\000n\000e\000j\000p\000r\000e\000s\000t\000i\001\176\000n\001\033\000j\001\141\000\355\000h\000o\000\040\000f\000o\000r\000m\000o\000v\000a\000t}{subsection.A.1}% 28
\BOOKMARK [3][-]{subsubsection.A.1.2}{\376\377\000A\000\040\000n\001\033\000\040\000\372\000k\000o\000n\000y\000\040\000s\000t\000\341\000l\000e\000\040\000k\000\040\000z\000a\000m\000r\000a\000z\000e\000n\000\375}{subsection.A.1}% 29
\BOOKMARK [2][-]{subsection.A.2}{\376\377\000K\000v\001\157\000l\000i\000\040\000o\000r\000g\000\341\000n\000y\000\040\000f\000o\000t\000o\000g\000r\000a\000f\000i\000\355\000\040\000v\000n\000\355\000m\000\341\000n\000\355}{appendix.A}% 30
\BOOKMARK [3][-]{subsubsection.A.2.1}{\376\377\000P\000r\000o\000p\000a\000d\000n\000e\000\040\000d\000u\000c\000h\000u\000\040\000p\001\157\000l\000k\000i\000l\000o\000m\000e\000t\000r\000o\000v\000\341}{subsection.A.2}% 31
\BOOKMARK [3][-]{subsubsection.A.2.2}{\376\377\000V\000y\000p\000a\000d\000\341\000\040\000o\000k\000e\000m\000\040\000z\000a\000t\000\355\000m}{subsection.A.2}% 32
